<<<<<<< HEAD
g:\school\computerarchitecture_experiment\experimenttwo\project2\debug\vc141.pdb
g:\school\computerarchitecture_experiment\experimenttwo\project2\debug\vc141.idb
g:\school\computerarchitecture_experiment\experimenttwo\project2\debug\源.obj
g:\school\computerarchitecture_experiment\experimenttwo\project2\debug\project2.ilk
g:\school\computerarchitecture_experiment\experimenttwo\project2\debug\project2.exe
g:\school\computerarchitecture_experiment\experimenttwo\project2\debug\project2.pdb
g:\school\computerarchitecture_experiment\experimenttwo\project2\debug\project2.tlog\cl.command.1.tlog
g:\school\computerarchitecture_experiment\experimenttwo\project2\debug\project2.tlog\cl.read.1.tlog
g:\school\computerarchitecture_experiment\experimenttwo\project2\debug\project2.tlog\cl.write.1.tlog
g:\school\computerarchitecture_experiment\experimenttwo\project2\debug\project2.tlog\link.command.1.tlog
g:\school\computerarchitecture_experiment\experimenttwo\project2\debug\project2.tlog\link.read.1.tlog
g:\school\computerarchitecture_experiment\experimenttwo\project2\debug\project2.tlog\link.write.1.tlog
=======
g:\school\computerarchitecture_experiment\experimenttwo\project2\debug\vc141.pdb
g:\school\computerarchitecture_experiment\experimenttwo\project2\debug\vc141.idb
g:\school\computerarchitecture_experiment\experimenttwo\project2\debug\源.obj
g:\school\computerarchitecture_experiment\experimenttwo\project2\debug\project2.ilk
g:\school\computerarchitecture_experiment\experimenttwo\project2\debug\project2.exe
g:\school\computerarchitecture_experiment\experimenttwo\project2\debug\project2.pdb
g:\school\computerarchitecture_experiment\experimenttwo\project2\debug\project2.tlog\cl.command.1.tlog
g:\school\computerarchitecture_experiment\experimenttwo\project2\debug\project2.tlog\cl.read.1.tlog
g:\school\computerarchitecture_experiment\experimenttwo\project2\debug\project2.tlog\cl.write.1.tlog
g:\school\computerarchitecture_experiment\experimenttwo\project2\debug\project2.tlog\link.command.1.tlog
g:\school\computerarchitecture_experiment\experimenttwo\project2\debug\project2.tlog\link.read.1.tlog
g:\school\computerarchitecture_experiment\experimenttwo\project2\debug\project2.tlog\link.write.1.tlog
>>>>>>> f159b6d8a5f0cbbcdce24e04581e65ba9f02f08d
